

> @yankeeinlondon/homelab-cli@0.0.1 lint /Volumes/coding/personal/homelab/app/cli
> eslint src

[0m[0m
[0m[4m/Volumes/coding/personal/homelab/app/cli/src/constants.ts[24m[0m
[0m  [2m14:6[22m   [31merror[39m  Unexpected use of the global variable 'process'. Use 'require("process")' instead  [2mnode/prefer-global/process[22m[0m
[0m  [2m15:6[22m   [31merror[39m  Unexpected use of the global variable 'process'. Use 'require("process")' instead  [2mnode/prefer-global/process[22m[0m
[0m  [2m18:43[22m  [31merror[39m  Unexpected use of the global variable 'process'. Use 'require("process")' instead  [2mnode/prefer-global/process[22m[0m
[0m[0m
[0m[4m/Volumes/coding/personal/homelab/app/cli/src/index.ts[24m[0m
[0m  [2m1:1[22m   [31merror[39m  Expected 1 empty line after import statement not followed by another import        [2mimport/newline-after-import[22m[0m
[0m  [2m1:50[22m  [31merror[39m  Missing semicolon                                                                  [2mstyle/semi[22m[0m
[0m  [2m5:14[22m  [31merror[39m  Do not use top-level await                                                         [2mantfu/no-top-level-await[22m[0m
[0m  [2m7:1[22m   [31merror[39m  Unexpected console statement. Only these console methods are allowed: warn, error  [2mno-console[22m[0m
[0m[0m
[0m[4m/Volumes/coding/personal/homelab/app/cli/src/log.ts[24m[0m
[0m   [2m1:18[22m  [31merror[39m  Expected "stderr" to come before "stdout"      [2mperfectionist/sort-named-imports[22m[0m
[0m   [2m1:46[22m  [31merror[39m  Missing semicolon                              [2mstyle/semi[22m[0m
[0m   [2m5:1[22m   [31merror[39m  Expected indentation of 2 spaces but found 4   [2mstyle/indent[22m[0m
[0m   [2m6:1[22m   [31merror[39m  Expected indentation of 4 spaces but found 8   [2mstyle/indent[22m[0m
[0m   [2m6:51[22m  [31merror[39m  Trailing spaces not allowed                    [2mstyle/no-trailing-spaces[22m[0m
[0m   [2m7:1[22m   [31merror[39m  Expected indentation of 6 spaces but found 12  [2mstyle/indent[22m[0m
[0m   [2m7:43[22m  [31merror[39m  Trailing spaces not allowed                    [2mstyle/no-trailing-spaces[22m[0m
[0m   [2m8:1[22m   [31merror[39m  Expected indentation of 6 spaces but found 12  [2mstyle/indent[22m[0m
[0m   [2m9:1[22m   [31merror[39m  Expected indentation of 4 spaces but found 8   [2mstyle/indent[22m[0m
[0m  [2m10:1[22m   [31merror[39m  Expected indentation of 2 spaces but found 4   [2mstyle/indent[22m[0m
[0m  [2m14:1[22m   [31merror[39m  Expected indentation of 2 spaces but found 4   [2mstyle/indent[22m[0m
[0m  [2m15:1[22m   [31merror[39m  Expected indentation of 4 spaces but found 8   [2mstyle/indent[22m[0m
[0m  [2m15:51[22m  [31merror[39m  Trailing spaces not allowed                    [2mstyle/no-trailing-spaces[22m[0m
[0m  [2m16:1[22m   [31merror[39m  Expected indentation of 6 spaces but found 12  [2mstyle/indent[22m[0m
[0m  [2m16:43[22m  [31merror[39m  Trailing spaces not allowed                    [2mstyle/no-trailing-spaces[22m[0m
[0m  [2m17:1[22m   [31merror[39m  Expected indentation of 6 spaces but found 12  [2mstyle/indent[22m[0m
[0m  [2m18:1[22m   [31merror[39m  Expected indentation of 4 spaces but found 8   [2mstyle/indent[22m[0m
[0m  [2m19:1[22m   [31merror[39m  Expected indentation of 2 spaces but found 4   [2mstyle/indent[22m[0m
[0m  [2m23:1[22m   [31merror[39m  Expected indentation of 2 spaces but found 4   [2mstyle/indent[22m[0m
[0m  [2m24:1[22m   [31merror[39m  Expected indentation of 4 spaces but found 8   [2mstyle/indent[22m[0m
[0m  [2m24:51[22m  [31merror[39m  Trailing spaces not allowed                    [2mstyle/no-trailing-spaces[22m[0m
[0m  [2m25:1[22m   [31merror[39m  Expected indentation of 6 spaces but found 12  [2mstyle/indent[22m[0m
[0m  [2m25:43[22m  [31merror[39m  Trailing spaces not allowed                    [2mstyle/no-trailing-spaces[22m[0m
[0m  [2m26:1[22m   [31merror[39m  Expected indentation of 6 spaces but found 12  [2mstyle/indent[22m[0m
[0m  [2m27:1[22m   [31merror[39m  Expected indentation of 4 spaces but found 8   [2mstyle/indent[22m[0m
[0m  [2m28:1[22m   [31merror[39m  Expected indentation of 2 spaces but found 4   [2mstyle/indent[22m[0m
[0m[0m
[0m[31m[1m✖ 33 problems (33 errors, 0 warnings)[22m[39m[0m
[0m[31m[1m[22m[39m[31m[1m  28 errors and 0 warnings potentially fixable with the `--fix` option.[22m[39m[0m
[0m[31m[1m[22m[39m[0m
[41m[30m ELIFECYCLE [39m[49m [31mCommand failed with exit code 1.[39m
